<!DOCTYPE suite SYSTEM "https://testng.org/testng-1.0.dtd" >

<suite name="Suite1" verbose="1" >
    <test name="test">
        <groups>
            <run>
                <!-- <include name="positive"  /> -->
                <include name="negative"  />
            </run>
        </groups>


        <classes>
        <class name="TestP.tests.TestRegForm"/>
    </classes>
    </test>
</suite>